2023-05-27 17:10:27,058 INFO notifyConnectTimeout:200

2023-05-27 17:10:27,091 INFO notifySocketTimeout:8000

2023-05-27 17:10:27,096 INFO isHealthCheck:true

2023-05-27 17:10:27,098 INFO maxHealthCheckFailCount:12

2023-05-27 17:10:27,099 INFO maxContent:10485760

2023-05-27 17:10:27,106 INFO spring.datasource.platform:""

2023-05-27 17:10:32,339 INFO use local db service for init

2023-05-27 17:10:32,861 WARN Lexical error at line 4, column 66.  Encountered: <EOF> after : "".

2023-05-27 17:10:32,865 WARN Syntax error: Encountered "*" at line 1, column 1.

2023-05-27 17:10:32,921 WARN Table/View 'CONFIG_INFO' already exists in Schema 'NACOS'.

2023-05-27 17:10:32,979 WARN Table/View 'HIS_CONFIG_INFO' already exists in Schema 'NACOS'.

2023-05-27 17:10:33,010 WARN Table/View 'CONFIG_INFO_BETA' already exists in Schema 'NACOS'.

2023-05-27 17:10:33,029 WARN Table/View 'CONFIG_INFO_TAG' already exists in Schema 'NACOS'.

2023-05-27 17:10:33,042 WARN Table/View 'CONFIG_INFO_AGGR' already exists in Schema 'NACOS'.

2023-05-27 17:10:33,063 WARN Table/View 'APP_LIST' already exists in Schema 'NACOS'.

2023-05-27 17:10:33,081 WARN Table/View 'APP_CONFIGDATA_RELATION_SUBS' already exists in Schema 'NACOS'.

2023-05-27 17:10:33,091 WARN Table/View 'APP_CONFIGDATA_RELATION_PUBS' already exists in Schema 'NACOS'.

2023-05-27 17:10:33,106 WARN Table/View 'CONFIG_TAGS_RELATION' already exists in Schema 'NACOS'.

2023-05-27 17:10:33,128 WARN Table/View 'GROUP_CAPACITY' already exists in Schema 'NACOS'.

2023-05-27 17:10:33,140 WARN Table/View 'TENANT_CAPACITY' already exists in Schema 'NACOS'.

2023-05-27 17:10:33,157 WARN Table/View 'TENANT_INFO' already exists in Schema 'NACOS'.

2023-05-27 17:10:33,179 WARN Table/View 'USERS' already exists in Schema 'NACOS'.

2023-05-27 17:10:33,188 WARN Table/View 'ROLES' already exists in Schema 'NACOS'.

2023-05-27 17:10:33,203 WARN Table/View 'PERMISSIONS' already exists in Schema 'NACOS'.

2023-05-27 17:10:33,252 WARN The statement was aborted because it would have caused a duplicate key value in a unique or primary key constraint or unique index identified by 'SQL230520193300980' defined on 'USERS'.

2023-05-27 17:10:33,267 WARN The statement was aborted because it would have caused a duplicate key value in a unique or primary key constraint or unique index identified by 'UK_USERNAME_ROLE' defined on 'ROLES'.

2023-05-27 17:10:33,269 WARN Lexical error at line 4, column 13.  Encountered: "`" (96), after : "".

2023-05-27 17:10:33,269 WARN Lexical error at line 1, column 13.  Encountered: "`" (96), after : "".

2023-05-27 17:10:33,270 WARN Lexical error at line 1, column 13.  Encountered: "`" (96), after : "".

2023-05-27 17:10:33,271 WARN Lexical error at line 1, column 13.  Encountered: "`" (96), after : "".

2023-05-27 17:10:33,271 INFO use StandaloneDatabaseOperateImpl

2023-05-27 17:10:34,238 WARN DumpService start

2023-05-27 17:10:34,249 INFO start clear all config-info.

2023-05-27 17:10:34,251 WARN clear all config-info failed.

2023-05-27 17:10:34,251 WARN clear all config-info-tenant failed.

2023-05-27 17:10:34,499 INFO [all-dump] 633998154735300608 / 633998154735300608

2023-05-27 17:10:34,500 INFO start clear all config-info-beta.

2023-05-27 17:10:34,501 WARN clear all config-info-beta failed.

2023-05-27 17:10:34,501 WARN clear all config-info-beta-tenant failed.

2023-05-27 17:10:34,514 INFO start clear all config-info-tag.

2023-05-27 17:10:34,514 WARN clear all config-info-tag failed.

2023-05-27 17:10:34,515 WARN clear all config-info-tag-tenant failed.

