2023-05-27 17:10:27,128 INFO Starting Nacos v2.0.4 on 0747986a3eb1 with PID 1 (/home/nacos/target/nacos-server.jar started by root in /home/nacos)

2023-05-27 17:10:27,160 INFO The following profiles are active: standalone

2023-05-27 17:10:31,452 INFO Bean 'org.springframework.security.access.expression.method.DefaultMethodSecurityExpressionHandler@5dda6f9' of type [org.springframework.security.access.expression.method.DefaultMethodSecurityExpressionHandler] is not eligible for getting processed by all BeanPostProcessors (for example: not eligible for auto-proxying)

2023-05-27 17:10:31,459 INFO Bean 'methodSecurityMetadataSource' of type [org.springframework.security.access.method.DelegatingMethodSecurityMetadataSource] is not eligible for getting processed by all BeanPostProcessors (for example: not eligible for auto-proxying)

2023-05-27 17:10:31,788 INFO Tomcat initialized with port(s): 8848 (http)

2023-05-27 17:10:31,823 INFO Starting service [Tomcat]

2023-05-27 17:10:31,824 INFO Starting Servlet engine: [Apache Tomcat/9.0.38]

2023-05-27 17:10:32,064 INFO At least one JAR was scanned for TLDs yet contained no TLDs. Enable debug logging for this logger for a complete list of JARs that were scanned but no TLDs were found in them. Skipping unneeded JARs during scanning can improve startup time and JSP compilation time.

2023-05-27 17:10:32,114 INFO Initializing Spring embedded WebApplicationContext

2023-05-27 17:10:32,115 INFO Root WebApplicationContext: initialization completed in 4842 ms

2023-05-27 17:10:32,521 INFO HikariPool-1 - Starting...

2023-05-27 17:10:32,526 WARN Registered driver with driverClassName=org.apache.derby.jdbc.EmbeddedDriver was not found, trying direct instantiation.

2023-05-27 17:10:32,780 INFO HikariPool-1 - Driver does not support get/set network timeout for connections. (Feature not implemented: No details.)

2023-05-27 17:10:32,785 INFO HikariPool-1 - Start completed.

2023-05-27 17:10:33,615 INFO Nacos-related cluster resource initialization

2023-05-27 17:10:33,621 INFO Load com.alibaba.nacos.core.ability.RemoteAbilityInitializer for ServerAbilityInitializer

2023-05-27 17:10:33,622 INFO Load com.alibaba.nacos.naming.ability.NamingAbilityInitializer for ServerAbilityInitializer

2023-05-27 17:10:33,637 INFO The cluster resource is initialized

2023-05-27 17:10:33,675 INFO Get Distro config from env, DistroConfig{syncDelayMillis=1000, syncTimeoutMillis=3000, syncRetryDelayMillis=3000, verifyIntervalMillis=5000, verifyTimeoutMillis=3000, loadDataRetryDelayMillis=30000}

2023-05-27 17:10:34,060 INFO Reflections took 30 ms to scan 1 urls, producing 5 keys and 16 values 

2023-05-27 17:10:34,090 INFO Reflections took 4 ms to scan 1 urls, producing 4 keys and 28 values 

2023-05-27 17:10:34,105 INFO Reflections took 3 ms to scan 1 urls, producing 5 keys and 19 values 

2023-05-27 17:10:34,111 INFO Reflections took 1 ms to scan 1 urls, producing 2 keys and 12 values 

2023-05-27 17:10:34,470 WARN There are no [com.alibaba.nacos.config.server.model.event.LocalDataChangeEvent] publishers for this event, please register

2023-05-27 17:10:34,483 WARN There are no [com.alibaba.nacos.config.server.model.event.LocalDataChangeEvent] publishers for this event, please register

2023-05-27 17:10:34,486 WARN There are no [com.alibaba.nacos.config.server.model.event.LocalDataChangeEvent] publishers for this event, please register

2023-05-27 17:10:34,487 WARN There are no [com.alibaba.nacos.config.server.model.event.LocalDataChangeEvent] publishers for this event, please register

2023-05-27 17:10:34,488 WARN There are no [com.alibaba.nacos.config.server.model.event.LocalDataChangeEvent] publishers for this event, please register

2023-05-27 17:10:34,490 WARN There are no [com.alibaba.nacos.config.server.model.event.LocalDataChangeEvent] publishers for this event, please register

2023-05-27 17:10:34,492 WARN There are no [com.alibaba.nacos.config.server.model.event.LocalDataChangeEvent] publishers for this event, please register

2023-05-27 17:10:34,493 WARN There are no [com.alibaba.nacos.config.server.model.event.LocalDataChangeEvent] publishers for this event, please register

2023-05-27 17:10:34,494 WARN There are no [com.alibaba.nacos.config.server.model.event.LocalDataChangeEvent] publishers for this event, please register

2023-05-27 17:10:34,496 WARN There are no [com.alibaba.nacos.config.server.model.event.LocalDataChangeEvent] publishers for this event, please register

2023-05-27 17:10:34,497 WARN There are no [com.alibaba.nacos.config.server.model.event.LocalDataChangeEvent] publishers for this event, please register

2023-05-27 17:10:34,498 WARN There are no [com.alibaba.nacos.config.server.model.event.LocalDataChangeEvent] publishers for this event, please register

2023-05-27 17:10:34,741 INFO Reflections took 21 ms to scan 2 urls, producing 3 keys and 6 values 

2023-05-27 17:10:34,769 INFO Reflections took 26 ms to scan 2 urls, producing 4 keys and 9 values 

2023-05-27 17:10:34,789 INFO Reflections took 18 ms to scan 2 urls, producing 3 keys and 10 values 

2023-05-27 17:10:34,793 INFO Reflections took 2 ms to scan 1 urls, producing 2 keys and 2 values 

2023-05-27 17:10:34,815 INFO Reflections took 21 ms to scan 2 urls, producing 1 keys and 5 values 

2023-05-27 17:10:34,835 INFO Reflections took 18 ms to scan 2 urls, producing 1 keys and 7 values 

2023-05-27 17:10:34,855 INFO Reflections took 18 ms to scan 2 urls, producing 2 keys and 8 values 

2023-05-27 17:10:34,858 INFO Reflections took 1 ms to scan 1 urls, producing 1 keys and 1 values 

2023-05-27 17:10:36,374 INFO Initializing ExecutorService 'applicationTaskExecutor'

2023-05-27 17:10:36,533 INFO Adding welcome page: class path resource [static/index.html]

2023-05-27 17:10:37,031 INFO Creating filter chain: Ant [pattern='/**'], []

2023-05-27 17:10:37,071 INFO Creating filter chain: any request, [org.springframework.security.web.context.request.async.WebAsyncManagerIntegrationFilter@3659d7b1, org.springframework.security.web.context.SecurityContextPersistenceFilter@49c8f6e8, org.springframework.security.web.header.HeaderWriterFilter@7fc7c4a, org.springframework.security.web.csrf.CsrfFilter@41f4fe5, org.springframework.security.web.authentication.logout.LogoutFilter@6b2e0f78, org.springframework.security.web.savedrequest.RequestCacheAwareFilter@4e73b552, org.springframework.security.web.servletapi.SecurityContextHolderAwareRequestFilter@771cbb1a, org.springframework.security.web.authentication.AnonymousAuthenticationFilter@2015b2cd, org.springframework.security.web.session.SessionManagementFilter@7afbf561, org.springframework.security.web.access.ExceptionTranslationFilter@514cd540]

2023-05-27 17:10:37,200 INFO Initializing ExecutorService 'taskScheduler'

2023-05-27 17:10:37,232 INFO Exposing 16 endpoint(s) beneath base path '/actuator'

2023-05-27 17:10:37,391 INFO Tomcat started on port(s): 8848 (http) with context path '/nacos'

2023-05-27 17:10:37,397 INFO Started Nacos in 12.733 seconds (JVM running for 13.904)

2023-05-27 17:10:37,397 INFO Nacos started successfully in stand alone mode. use embedded storage

2023-05-27 17:10:54,588 INFO Initializing Spring DispatcherServlet 'dispatcherServlet'

2023-05-27 17:10:54,589 INFO Initializing Servlet 'dispatcherServlet'

2023-05-27 17:10:54,601 INFO Completed initialization in 11 ms

2023-05-27 17:20:34,532 WARN clearConfigHistory start

2023-05-27 17:20:34,537 WARN clearConfigHistory, getBeforeStamp:2023-04-27 17:20:34.0, pageSize:1000

2023-05-27 17:20:34,553 INFO [capacityManagement] start correct usage

2023-05-27 17:20:34,582 INFO [capacityManagement] end correct usage, cost: 0.029s

2023-05-27 17:23:44,437 ERROR CONSOLE /nacos/v1/cs/history/previous

org.springframework.web.bind.MissingServletRequestParameterException: Required String parameter 'dataId' is not present
	at org.springframework.web.method.annotation.RequestParamMethodArgumentResolver.handleMissingValue(RequestParamMethodArgumentResolver.java:203)
	at org.springframework.web.method.annotation.AbstractNamedValueMethodArgumentResolver.resolveArgument(AbstractNamedValueMethodArgumentResolver.java:114)
	at org.springframework.web.method.support.HandlerMethodArgumentResolverComposite.resolveArgument(HandlerMethodArgumentResolverComposite.java:127)
	at org.springframework.web.method.support.InvocableHandlerMethod.getMethodArgumentValues(InvocableHandlerMethod.java:167)
	at org.springframework.web.method.support.InvocableHandlerMethod.invokeForRequest(InvocableHandlerMethod.java:134)
	at org.springframework.web.servlet.mvc.method.annotation.ServletInvocableHandlerMethod.invokeAndHandle(ServletInvocableHandlerMethod.java:105)
	at org.springframework.web.servlet.mvc.method.annotation.RequestMappingHandlerAdapter.invokeHandlerMethod(RequestMappingHandlerAdapter.java:892)
	at org.springframework.web.servlet.mvc.method.annotation.RequestMappingHandlerAdapter.handleInternal(RequestMappingHandlerAdapter.java:797)
	at org.springframework.web.servlet.mvc.method.AbstractHandlerMethodAdapter.handle(AbstractHandlerMethodAdapter.java:87)
	at org.springframework.web.servlet.DispatcherServlet.doDispatch(DispatcherServlet.java:1040)
	at org.springframework.web.servlet.DispatcherServlet.doService(DispatcherServlet.java:943)
	at org.springframework.web.servlet.FrameworkServlet.processRequest(FrameworkServlet.java:1006)
	at org.springframework.web.servlet.FrameworkServlet.doGet(FrameworkServlet.java:898)
	at javax.servlet.http.HttpServlet.service(HttpServlet.java:626)
	at org.springframework.web.servlet.FrameworkServlet.service(FrameworkServlet.java:883)
	at javax.servlet.http.HttpServlet.service(HttpServlet.java:733)
	at org.apache.catalina.core.ApplicationFilterChain.internalDoFilter(ApplicationFilterChain.java:231)
	at org.apache.catalina.core.ApplicationFilterChain.doFilter(ApplicationFilterChain.java:166)
	at org.apache.tomcat.websocket.server.WsFilter.doFilter(WsFilter.java:53)
	at org.apache.catalina.core.ApplicationFilterChain.internalDoFilter(ApplicationFilterChain.java:193)
	at org.apache.catalina.core.ApplicationFilterChain.doFilter(ApplicationFilterChain.java:166)
	at org.springframework.web.filter.CorsFilter.doFilterInternal(CorsFilter.java:97)
	at org.springframework.web.filter.OncePerRequestFilter.doFilter(OncePerRequestFilter.java:119)
	at org.apache.catalina.core.ApplicationFilterChain.internalDoFilter(ApplicationFilterChain.java:193)
	at org.apache.catalina.core.ApplicationFilterChain.doFilter(ApplicationFilterChain.java:166)
	at org.springframework.boot.actuate.web.trace.servlet.HttpTraceFilter.doFilterInternal(HttpTraceFilter.java:88)
	at org.springframework.web.filter.OncePerRequestFilter.doFilter(OncePerRequestFilter.java:119)
	at org.apache.catalina.core.ApplicationFilterChain.internalDoFilter(ApplicationFilterChain.java:193)
	at org.apache.catalina.core.ApplicationFilterChain.doFilter(ApplicationFilterChain.java:166)
	at com.alibaba.nacos.core.auth.AuthFilter.doFilter(AuthFilter.java:69)
	at org.apache.catalina.core.ApplicationFilterChain.internalDoFilter(ApplicationFilterChain.java:193)
	at org.apache.catalina.core.ApplicationFilterChain.doFilter(ApplicationFilterChain.java:166)
	at com.alibaba.nacos.config.server.filter.NacosWebFilter.doFilter(NacosWebFilter.java:67)
	at org.apache.catalina.core.ApplicationFilterChain.internalDoFilter(ApplicationFilterChain.java:193)
	at org.apache.catalina.core.ApplicationFilterChain.doFilter(ApplicationFilterChain.java:166)
	at org.springframework.security.web.FilterChainProxy.doFilterInternal(FilterChainProxy.java:209)
	at org.springframework.security.web.FilterChainProxy.doFilter(FilterChainProxy.java:178)
	at org.springframework.web.filter.DelegatingFilterProxy.invokeDelegate(DelegatingFilterProxy.java:358)
	at org.springframework.web.filter.DelegatingFilterProxy.doFilter(DelegatingFilterProxy.java:271)
	at org.apache.catalina.core.ApplicationFilterChain.internalDoFilter(ApplicationFilterChain.java:193)
	at org.apache.catalina.core.ApplicationFilterChain.doFilter(ApplicationFilterChain.java:166)
	at org.springframework.web.filter.RequestContextFilter.doFilterInternal(RequestContextFilter.java:100)
	at org.springframework.web.filter.OncePerRequestFilter.doFilter(OncePerRequestFilter.java:119)
	at org.apache.catalina.core.ApplicationFilterChain.internalDoFilter(ApplicationFilterChain.java:193)
	at org.apache.catalina.core.ApplicationFilterChain.doFilter(ApplicationFilterChain.java:166)
	at org.springframework.web.filter.FormContentFilter.doFilterInternal(FormContentFilter.java:93)
	at org.springframework.web.filter.OncePerRequestFilter.doFilter(OncePerRequestFilter.java:119)
	at org.apache.catalina.core.ApplicationFilterChain.internalDoFilter(ApplicationFilterChain.java:193)
	at org.apache.catalina.core.ApplicationFilterChain.doFilter(ApplicationFilterChain.java:166)
	at org.springframework.web.filter.HiddenHttpMethodFilter.doFilterInternal(HiddenHttpMethodFilter.java:94)
	at org.springframework.web.filter.OncePerRequestFilter.doFilter(OncePerRequestFilter.java:119)
	at org.apache.catalina.core.ApplicationFilterChain.internalDoFilter(ApplicationFilterChain.java:193)
	at org.apache.catalina.core.ApplicationFilterChain.doFilter(ApplicationFilterChain.java:166)
	at org.springframework.boot.actuate.metrics.web.servlet.WebMvcMetricsFilter.filterAndRecordMetrics(WebMvcMetricsFilter.java:114)
	at org.springframework.boot.actuate.metrics.web.servlet.WebMvcMetricsFilter.doFilterInternal(WebMvcMetricsFilter.java:104)
	at org.springframework.web.filter.OncePerRequestFilter.doFilter(OncePerRequestFilter.java:119)
	at org.apache.catalina.core.ApplicationFilterChain.internalDoFilter(ApplicationFilterChain.java:193)
	at org.apache.catalina.core.ApplicationFilterChain.doFilter(ApplicationFilterChain.java:166)
	at org.springframework.web.filter.CharacterEncodingFilter.doFilterInternal(CharacterEncodingFilter.java:201)
	at org.springframework.web.filter.OncePerRequestFilter.doFilter(OncePerRequestFilter.java:119)
	at org.apache.catalina.core.ApplicationFilterChain.internalDoFilter(ApplicationFilterChain.java:193)
	at org.apache.catalina.core.ApplicationFilterChain.doFilter(ApplicationFilterChain.java:166)
	at org.apache.catalina.core.StandardWrapperValve.invoke(StandardWrapperValve.java:202)
	at org.apache.catalina.core.StandardContextValve.invoke(StandardContextValve.java:97)
	at org.apache.catalina.authenticator.AuthenticatorBase.invoke(AuthenticatorBase.java:541)
	at org.apache.catalina.core.StandardHostValve.invoke(StandardHostValve.java:143)
	at org.apache.catalina.valves.ErrorReportValve.invoke(ErrorReportValve.java:92)
	at org.apache.catalina.core.StandardEngineValve.invoke(StandardEngineValve.java:78)
	at org.apache.catalina.connector.CoyoteAdapter.service(CoyoteAdapter.java:343)
	at org.apache.coyote.http11.Http11Processor.service(Http11Processor.java:374)
	at org.apache.coyote.AbstractProcessorLight.process(AbstractProcessorLight.java:65)
	at org.apache.coyote.AbstractProtocol$ConnectionHandler.process(AbstractProtocol.java:868)
	at org.apache.tomcat.util.net.NioEndpoint$SocketProcessor.doRun(NioEndpoint.java:1590)
	at org.apache.tomcat.util.net.SocketProcessorBase.run(SocketProcessorBase.java:49)
	at java.util.concurrent.ThreadPoolExecutor.runWorker(ThreadPoolExecutor.java:1149)
	at java.util.concurrent.ThreadPoolExecutor$Worker.run(ThreadPoolExecutor.java:624)
	at org.apache.tomcat.util.threads.TaskThread$WrappingRunnable.run(TaskThread.java:61)
	at java.lang.Thread.run(Thread.java:750)
2023-05-27 17:30:34,584 INFO [capacityManagement] start correct usage

2023-05-27 17:30:34,586 INFO [capacityManagement] end correct usage, cost: 0.001s

2023-05-27 17:30:34,602 WARN clearConfigHistory start

2023-05-27 17:30:34,604 WARN clearConfigHistory, getBeforeStamp:2023-04-27 17:30:34.0, pageSize:1000

2023-05-27 17:40:34,585 INFO [capacityManagement] start correct usage

2023-05-27 17:40:34,587 INFO [capacityManagement] end correct usage, cost: 0.001s

2023-05-27 17:40:34,606 WARN clearConfigHistory start

2023-05-27 17:40:34,607 WARN clearConfigHistory, getBeforeStamp:2023-04-27 17:40:34.0, pageSize:1000

2023-05-27 17:50:34,588 INFO [capacityManagement] start correct usage

2023-05-27 17:50:34,590 INFO [capacityManagement] end correct usage, cost: 0.001s

2023-05-27 17:50:34,609 WARN clearConfigHistory start

2023-05-27 17:50:34,609 WARN clearConfigHistory, getBeforeStamp:2023-04-27 17:50:34.0, pageSize:1000

2023-05-27 18:00:34,589 INFO [capacityManagement] start correct usage

2023-05-27 18:00:34,592 INFO [capacityManagement] end correct usage, cost: 0.001s

2023-05-27 18:00:34,610 WARN clearConfigHistory start

2023-05-27 18:00:34,611 WARN clearConfigHistory, getBeforeStamp:2023-04-27 18:00:34.0, pageSize:1000

2023-05-27 18:10:34,591 INFO [capacityManagement] start correct usage

2023-05-27 18:10:34,593 INFO [capacityManagement] end correct usage, cost: 0.0s

2023-05-27 18:10:34,611 WARN clearConfigHistory start

2023-05-27 18:10:34,612 WARN clearConfigHistory, getBeforeStamp:2023-04-27 18:10:34.0, pageSize:1000

2023-05-27 18:20:34,592 INFO [capacityManagement] start correct usage

2023-05-27 18:20:34,594 INFO [capacityManagement] end correct usage, cost: 0.001s

2023-05-27 18:20:34,612 WARN clearConfigHistory start

2023-05-27 18:20:34,613 WARN clearConfigHistory, getBeforeStamp:2023-04-27 18:20:34.0, pageSize:1000

2023-05-27 18:30:34,584 INFO [capacityManagement] start correct usage

2023-05-27 18:30:34,586 INFO [capacityManagement] end correct usage, cost: 0.001s

2023-05-27 18:30:34,604 WARN clearConfigHistory start

2023-05-27 18:30:34,605 WARN clearConfigHistory, getBeforeStamp:2023-04-27 18:30:34.0, pageSize:1000

2023-05-27 18:40:34,588 INFO [capacityManagement] start correct usage

2023-05-27 18:40:34,591 INFO [capacityManagement] end correct usage, cost: 0.0s

2023-05-27 18:40:34,608 WARN clearConfigHistory start

2023-05-27 18:40:34,616 WARN clearConfigHistory, getBeforeStamp:2023-04-27 18:40:34.0, pageSize:1000

2023-05-27 18:50:34,580 INFO [capacityManagement] start correct usage

2023-05-27 18:50:34,581 INFO [capacityManagement] end correct usage, cost: 0.0s

2023-05-27 18:50:34,610 WARN clearConfigHistory start

2023-05-27 18:50:34,610 WARN clearConfigHistory, getBeforeStamp:2023-04-27 18:50:34.0, pageSize:1000

2023-05-27 19:00:34,580 INFO [capacityManagement] start correct usage

2023-05-27 19:00:34,582 INFO [capacityManagement] end correct usage, cost: 0.001s

2023-05-27 19:00:34,611 WARN clearConfigHistory start

2023-05-27 19:00:34,612 WARN clearConfigHistory, getBeforeStamp:2023-04-27 19:00:34.0, pageSize:1000

2023-05-27 19:10:34,581 INFO [capacityManagement] start correct usage

2023-05-27 19:10:34,583 INFO [capacityManagement] end correct usage, cost: 0.0s

2023-05-27 19:10:34,613 WARN clearConfigHistory start

2023-05-27 19:10:34,614 WARN clearConfigHistory, getBeforeStamp:2023-04-27 19:10:34.0, pageSize:1000

2023-05-27 19:20:34,582 INFO [capacityManagement] start correct usage

2023-05-27 19:20:34,584 INFO [capacityManagement] end correct usage, cost: 0.001s

2023-05-27 19:20:34,615 WARN clearConfigHistory start

2023-05-27 19:20:34,616 WARN clearConfigHistory, getBeforeStamp:2023-04-27 19:20:34.0, pageSize:1000

2023-05-27 19:30:34,584 INFO [capacityManagement] start correct usage

2023-05-27 19:30:34,586 INFO [capacityManagement] end correct usage, cost: 0.0s

2023-05-27 19:30:34,617 WARN clearConfigHistory start

2023-05-27 19:30:34,618 WARN clearConfigHistory, getBeforeStamp:2023-04-27 19:30:34.0, pageSize:1000

2023-05-27 19:34:54,339 INFO Get Push config from env, PushConfig{pushTaskDelay=500, pushTaskTimeout=5000, pushTaskRetryDelay=1000}

2023-05-27 19:40:34,584 INFO [capacityManagement] start correct usage

2023-05-27 19:40:34,586 INFO [capacityManagement] end correct usage, cost: 0.001s

2023-05-27 19:40:34,617 WARN clearConfigHistory start

2023-05-27 19:40:34,618 WARN clearConfigHistory, getBeforeStamp:2023-04-27 19:40:34.0, pageSize:1000

2023-05-27 19:50:34,586 INFO [capacityManagement] start correct usage

2023-05-27 19:50:34,594 INFO [capacityManagement] end correct usage, cost: 0.007s

2023-05-27 19:50:34,620 WARN clearConfigHistory start

2023-05-27 19:50:34,621 WARN clearConfigHistory, getBeforeStamp:2023-04-27 19:50:34.0, pageSize:1000

2023-05-27 20:00:34,592 INFO [capacityManagement] start correct usage

2023-05-27 20:00:34,595 INFO [capacityManagement] end correct usage, cost: 0.001s

2023-05-27 20:00:34,623 WARN clearConfigHistory start

2023-05-27 20:00:34,625 WARN clearConfigHistory, getBeforeStamp:2023-04-27 20:00:34.0, pageSize:1000

2023-05-27 20:10:34,598 INFO [capacityManagement] start correct usage

2023-05-27 20:10:34,599 INFO [capacityManagement] end correct usage, cost: 0.0s

2023-05-27 20:10:34,631 WARN clearConfigHistory start

2023-05-27 20:10:34,632 WARN clearConfigHistory, getBeforeStamp:2023-04-27 20:10:34.0, pageSize:1000

2023-05-27 20:20:34,597 INFO [capacityManagement] start correct usage

2023-05-27 20:20:34,599 INFO [capacityManagement] end correct usage, cost: 0.001s

2023-05-27 20:20:34,633 WARN clearConfigHistory start

2023-05-27 20:20:34,634 WARN clearConfigHistory, getBeforeStamp:2023-04-27 20:20:34.0, pageSize:1000

2023-05-27 20:30:34,600 INFO [capacityManagement] start correct usage

2023-05-27 20:30:34,601 INFO [capacityManagement] end correct usage, cost: 0.0s

2023-05-27 20:30:34,640 WARN clearConfigHistory start

2023-05-27 20:30:34,641 WARN clearConfigHistory, getBeforeStamp:2023-04-27 20:30:34.0, pageSize:1000

2023-05-27 20:40:34,598 INFO [capacityManagement] start correct usage

2023-05-27 20:40:34,600 INFO [capacityManagement] end correct usage, cost: 0.0s

2023-05-27 20:40:34,640 WARN clearConfigHistory start

2023-05-27 20:40:34,641 WARN clearConfigHistory, getBeforeStamp:2023-04-27 20:40:34.0, pageSize:1000

2023-05-27 20:50:34,601 INFO [capacityManagement] start correct usage

2023-05-27 20:50:34,609 INFO [capacityManagement] end correct usage, cost: 0.007s

2023-05-27 20:50:34,644 WARN clearConfigHistory start

2023-05-27 20:50:34,645 WARN clearConfigHistory, getBeforeStamp:2023-04-27 20:50:34.0, pageSize:1000

2023-05-27 21:00:34,609 INFO [capacityManagement] start correct usage

2023-05-27 21:00:34,611 INFO [capacityManagement] end correct usage, cost: 0.0s

2023-05-27 21:00:34,656 WARN clearConfigHistory start

2023-05-27 21:00:34,657 WARN clearConfigHistory, getBeforeStamp:2023-04-27 21:00:34.0, pageSize:1000

2023-05-27 21:06:19,355 WARN [HttpClientBeanHolder] Start destroying common HttpClient

2023-05-27 21:06:19,356 WARN [ConfigServer-HttpClientManager] Start destroying NacosRestTemplate

2023-05-27 21:06:19,356 WARN [WatchFileCenter] start close

2023-05-27 21:06:19,355 WARN [NotifyCenter] Start destroying Publisher

2023-05-27 21:06:19,355 WARN [ThreadPoolManager] Start destroying ThreadPool

2023-05-27 21:06:19,363 WARN [WatchFileCenter] start to shutdown this watcher which is watch : /home/nacos/data/tps

2023-05-27 21:06:19,363 WARN [NotifyCenter] Destruction of the end

2023-05-27 21:06:19,367 WARN [WatchFileCenter] start to shutdown this watcher which is watch : /home/nacos/conf

2023-05-27 21:06:19,368 WARN [WatchFileCenter] start to shutdown this watcher which is watch : /home/nacos/data/loader

2023-05-27 21:06:19,369 WARN [WatchFileCenter] already closed

2023-05-27 21:06:19,403 WARN [ConfigServer-HttpClientManager] Destruction of the end

2023-05-27 21:06:19,408 WARN [HttpClientBeanHolder] Destruction of the end

2023-05-27 21:06:19,442 INFO Shutting down ExecutorService 'taskScheduler'

2023-05-27 21:06:19,460 INFO Shutting down ExecutorService 'applicationTaskExecutor'

2023-05-27 21:06:21,498 WARN [ThreadPoolManager] Destruction of the end

