2023-05-27 17:10:34,662 INFO Register tps control,pointName=CONFIG_PUSH_COUNT, point=com.alibaba.nacos.core.remote.control.TpsMonitorPoint@31ddd4a4 

2023-05-27 17:10:34,672 INFO Load rule from local,pointName=CONFIG_PUSH_COUNT, ruleContent= 

2023-05-27 17:10:34,673 INFO Apply tps control rule parse start,pointName=[CONFIG_PUSH_COUNT]  

2023-05-27 17:10:34,674 INFO Clear point  control rule ,pointName=[CONFIG_PUSH_COUNT]  

2023-05-27 17:10:34,675 INFO Clear point  control rule for monitorKeys, pointName=[CONFIG_PUSH_COUNT]  

2023-05-27 17:10:34,676 INFO Register tps control,pointName=CONFIG_PUSH_SUCCESS, point=com.alibaba.nacos.core.remote.control.TpsMonitorPoint@1a5f7e7c 

2023-05-27 17:10:34,677 INFO Load rule from local,pointName=CONFIG_PUSH_SUCCESS, ruleContent= 

2023-05-27 17:10:34,677 INFO Apply tps control rule parse start,pointName=[CONFIG_PUSH_SUCCESS]  

2023-05-27 17:10:34,677 INFO Clear point  control rule ,pointName=[CONFIG_PUSH_SUCCESS]  

2023-05-27 17:10:34,678 INFO Clear point  control rule for monitorKeys, pointName=[CONFIG_PUSH_SUCCESS]  

2023-05-27 17:10:34,679 INFO Register tps control,pointName=CONFIG_PUSH_FAIL, point=com.alibaba.nacos.core.remote.control.TpsMonitorPoint@5b22b970 

2023-05-27 17:10:34,679 INFO Load rule from local,pointName=CONFIG_PUSH_FAIL, ruleContent= 

2023-05-27 17:10:34,680 INFO Apply tps control rule parse start,pointName=[CONFIG_PUSH_FAIL]  

2023-05-27 17:10:34,680 INFO Clear point  control rule ,pointName=[CONFIG_PUSH_FAIL]  

2023-05-27 17:10:34,681 INFO Clear point  control rule for monitorKeys, pointName=[CONFIG_PUSH_FAIL]  

2023-05-27 17:10:37,330 INFO Register tps control,pointName=ConfigQuery, point=com.alibaba.nacos.core.remote.control.TpsMonitorPoint@3c782d8e 

2023-05-27 17:10:37,331 INFO Load rule from local,pointName=ConfigQuery, ruleContent= 

2023-05-27 17:10:37,332 INFO Apply tps control rule parse start,pointName=[ConfigQuery]  

2023-05-27 17:10:37,332 INFO Clear point  control rule ,pointName=[ConfigQuery]  

2023-05-27 17:10:37,333 INFO Clear point  control rule for monitorKeys, pointName=[ConfigQuery]  

2023-05-27 17:10:37,334 INFO Register tps control,pointName=ClusterConfigChangeNotify, point=com.alibaba.nacos.core.remote.control.TpsMonitorPoint@572e6fd9 

2023-05-27 17:10:37,334 INFO Load rule from local,pointName=ClusterConfigChangeNotify, ruleContent= 

2023-05-27 17:10:37,335 INFO Apply tps control rule parse start,pointName=[ClusterConfigChangeNotify]  

2023-05-27 17:10:37,336 INFO Clear point  control rule ,pointName=[ClusterConfigChangeNotify]  

2023-05-27 17:10:37,336 INFO Clear point  control rule for monitorKeys, pointName=[ClusterConfigChangeNotify]  

2023-05-27 17:10:37,337 INFO Register tps control,pointName=ConfigListen, point=com.alibaba.nacos.core.remote.control.TpsMonitorPoint@7f5eae0f 

2023-05-27 17:10:37,338 INFO Load rule from local,pointName=ConfigListen, ruleContent= 

2023-05-27 17:10:37,338 INFO Apply tps control rule parse start,pointName=[ConfigListen]  

2023-05-27 17:10:37,339 INFO Clear point  control rule ,pointName=[ConfigListen]  

2023-05-27 17:10:37,339 INFO Clear point  control rule for monitorKeys, pointName=[ConfigListen]  

2023-05-27 17:10:37,339 INFO Register tps control,pointName=ConfigRemove, point=com.alibaba.nacos.core.remote.control.TpsMonitorPoint@58b71ceb 

2023-05-27 17:10:37,340 INFO Load rule from local,pointName=ConfigRemove, ruleContent= 

2023-05-27 17:10:37,341 INFO Apply tps control rule parse start,pointName=[ConfigRemove]  

2023-05-27 17:10:37,341 INFO Clear point  control rule ,pointName=[ConfigRemove]  

2023-05-27 17:10:37,342 INFO Clear point  control rule for monitorKeys, pointName=[ConfigRemove]  

2023-05-27 17:10:37,343 INFO Register tps control,pointName=ConfigPublish, point=com.alibaba.nacos.core.remote.control.TpsMonitorPoint@255e5e2e 

2023-05-27 17:10:37,344 INFO Load rule from local,pointName=ConfigPublish, ruleContent= 

2023-05-27 17:10:37,345 INFO Apply tps control rule parse start,pointName=[ConfigPublish]  

2023-05-27 17:10:37,346 INFO Clear point  control rule ,pointName=[ConfigPublish]  

2023-05-27 17:10:37,346 INFO Clear point  control rule for monitorKeys, pointName=[ConfigPublish]  

2023-05-27 17:10:37,347 INFO Register tps control,pointName=HealthCheck, point=com.alibaba.nacos.core.remote.control.TpsMonitorPoint@12abdfb 

2023-05-27 17:10:37,347 INFO Load rule from local,pointName=HealthCheck, ruleContent= 

2023-05-27 17:10:37,348 INFO Apply tps control rule parse start,pointName=[HealthCheck]  

2023-05-27 17:10:37,348 INFO Clear point  control rule ,pointName=[HealthCheck]  

2023-05-27 17:10:37,349 INFO Clear point  control rule for monitorKeys, pointName=[HealthCheck]  

2023-05-27 19:34:54,954 INFO Register tps control,pointName=NAMING_RPC_PUSH, point=com.alibaba.nacos.core.remote.control.TpsMonitorPoint@18ec86aa 

2023-05-27 19:34:54,958 INFO Load rule from local,pointName=NAMING_RPC_PUSH, ruleContent= 

2023-05-27 19:34:54,959 INFO Apply tps control rule parse start,pointName=[NAMING_RPC_PUSH]  

2023-05-27 19:34:54,959 INFO Clear point  control rule ,pointName=[NAMING_RPC_PUSH]  

2023-05-27 19:34:54,960 INFO Clear point  control rule for monitorKeys, pointName=[NAMING_RPC_PUSH]  

2023-05-27 19:34:54,961 INFO Register tps control,pointName=NAMING_RPC_PUSH_SUCCESS, point=com.alibaba.nacos.core.remote.control.TpsMonitorPoint@e94941a 

2023-05-27 19:34:54,962 INFO Load rule from local,pointName=NAMING_RPC_PUSH_SUCCESS, ruleContent= 

2023-05-27 19:34:54,962 INFO Apply tps control rule parse start,pointName=[NAMING_RPC_PUSH_SUCCESS]  

2023-05-27 19:34:54,963 INFO Clear point  control rule ,pointName=[NAMING_RPC_PUSH_SUCCESS]  

2023-05-27 19:34:54,963 INFO Clear point  control rule for monitorKeys, pointName=[NAMING_RPC_PUSH_SUCCESS]  

2023-05-27 19:34:54,964 INFO Register tps control,pointName=NAMING_RPC_PUSH_FAIL, point=com.alibaba.nacos.core.remote.control.TpsMonitorPoint@528ffaaf 

2023-05-27 19:34:54,965 INFO Load rule from local,pointName=NAMING_RPC_PUSH_FAIL, ruleContent= 

2023-05-27 19:34:54,965 INFO Apply tps control rule parse start,pointName=[NAMING_RPC_PUSH_FAIL]  

2023-05-27 19:34:54,966 INFO Clear point  control rule ,pointName=[NAMING_RPC_PUSH_FAIL]  

2023-05-27 19:34:54,966 INFO Clear point  control rule for monitorKeys, pointName=[NAMING_RPC_PUSH_FAIL]  

2023-05-27 19:34:54,967 INFO Register tps control,pointName=NAMING_UDP_PUSH, point=com.alibaba.nacos.core.remote.control.TpsMonitorPoint@2489f3f4 

2023-05-27 19:34:54,967 INFO Load rule from local,pointName=NAMING_UDP_PUSH, ruleContent= 

2023-05-27 19:34:54,968 INFO Apply tps control rule parse start,pointName=[NAMING_UDP_PUSH]  

2023-05-27 19:34:54,968 INFO Clear point  control rule ,pointName=[NAMING_UDP_PUSH]  

2023-05-27 19:34:54,969 INFO Clear point  control rule for monitorKeys, pointName=[NAMING_UDP_PUSH]  

2023-05-27 19:34:54,970 INFO Register tps control,pointName=NAMING_UDP_PUSH_SUCCESS, point=com.alibaba.nacos.core.remote.control.TpsMonitorPoint@58ace819 

2023-05-27 19:34:54,970 INFO Load rule from local,pointName=NAMING_UDP_PUSH_SUCCESS, ruleContent= 

2023-05-27 19:34:54,971 INFO Apply tps control rule parse start,pointName=[NAMING_UDP_PUSH_SUCCESS]  

2023-05-27 19:34:54,971 INFO Clear point  control rule ,pointName=[NAMING_UDP_PUSH_SUCCESS]  

2023-05-27 19:34:54,971 INFO Clear point  control rule for monitorKeys, pointName=[NAMING_UDP_PUSH_SUCCESS]  

2023-05-27 19:34:54,971 INFO Register tps control,pointName=NAMING_UDP_PUSH_FAIL, point=com.alibaba.nacos.core.remote.control.TpsMonitorPoint@72b29352 

2023-05-27 19:34:54,972 INFO Load rule from local,pointName=NAMING_UDP_PUSH_FAIL, ruleContent= 

2023-05-27 19:34:54,972 INFO Apply tps control rule parse start,pointName=[NAMING_UDP_PUSH_FAIL]  

2023-05-27 19:34:54,973 INFO Clear point  control rule ,pointName=[NAMING_UDP_PUSH_FAIL]  

2023-05-27 19:34:54,973 INFO Clear point  control rule for monitorKeys, pointName=[NAMING_UDP_PUSH_FAIL]  

2023-05-27 19:34:54,973 INFO Register tps control,pointName=NAMING_DISTRO_SYNC, point=com.alibaba.nacos.core.remote.control.TpsMonitorPoint@5fc54529 

2023-05-27 19:34:54,974 INFO Load rule from local,pointName=NAMING_DISTRO_SYNC, ruleContent= 

2023-05-27 19:34:54,974 INFO Apply tps control rule parse start,pointName=[NAMING_DISTRO_SYNC]  

2023-05-27 19:34:54,975 INFO Clear point  control rule ,pointName=[NAMING_DISTRO_SYNC]  

2023-05-27 19:34:54,975 INFO Clear point  control rule for monitorKeys, pointName=[NAMING_DISTRO_SYNC]  

2023-05-27 19:34:54,976 INFO Register tps control,pointName=NAMING_DISTRO_SYNC_SUCCESS, point=com.alibaba.nacos.core.remote.control.TpsMonitorPoint@34380b76 

2023-05-27 19:34:54,976 INFO Load rule from local,pointName=NAMING_DISTRO_SYNC_SUCCESS, ruleContent= 

2023-05-27 19:34:54,977 INFO Apply tps control rule parse start,pointName=[NAMING_DISTRO_SYNC_SUCCESS]  

2023-05-27 19:34:54,977 INFO Clear point  control rule ,pointName=[NAMING_DISTRO_SYNC_SUCCESS]  

2023-05-27 19:34:54,978 INFO Clear point  control rule for monitorKeys, pointName=[NAMING_DISTRO_SYNC_SUCCESS]  

2023-05-27 19:34:54,978 INFO Register tps control,pointName=NAMING_DISTRO_SYNC_FAIL, point=com.alibaba.nacos.core.remote.control.TpsMonitorPoint@bebd1c8 

2023-05-27 19:34:54,979 INFO Load rule from local,pointName=NAMING_DISTRO_SYNC_FAIL, ruleContent= 

2023-05-27 19:34:54,979 INFO Apply tps control rule parse start,pointName=[NAMING_DISTRO_SYNC_FAIL]  

2023-05-27 19:34:54,980 INFO Clear point  control rule ,pointName=[NAMING_DISTRO_SYNC_FAIL]  

2023-05-27 19:34:54,980 INFO Clear point  control rule for monitorKeys, pointName=[NAMING_DISTRO_SYNC_FAIL]  

2023-05-27 19:34:54,981 INFO Register tps control,pointName=NAMING_DISTRO_VERIFY, point=com.alibaba.nacos.core.remote.control.TpsMonitorPoint@6d25ebe4 

2023-05-27 19:34:54,981 INFO Load rule from local,pointName=NAMING_DISTRO_VERIFY, ruleContent= 

2023-05-27 19:34:54,982 INFO Apply tps control rule parse start,pointName=[NAMING_DISTRO_VERIFY]  

2023-05-27 19:34:54,982 INFO Clear point  control rule ,pointName=[NAMING_DISTRO_VERIFY]  

2023-05-27 19:34:54,982 INFO Clear point  control rule for monitorKeys, pointName=[NAMING_DISTRO_VERIFY]  

2023-05-27 19:34:54,983 INFO Register tps control,pointName=NAMING_DISTRO_VERIFY_SUCCESS, point=com.alibaba.nacos.core.remote.control.TpsMonitorPoint@18bc0764 

2023-05-27 19:34:54,984 INFO Load rule from local,pointName=NAMING_DISTRO_VERIFY_SUCCESS, ruleContent= 

2023-05-27 19:34:54,984 INFO Apply tps control rule parse start,pointName=[NAMING_DISTRO_VERIFY_SUCCESS]  

2023-05-27 19:34:54,985 INFO Clear point  control rule ,pointName=[NAMING_DISTRO_VERIFY_SUCCESS]  

2023-05-27 19:34:54,985 INFO Clear point  control rule for monitorKeys, pointName=[NAMING_DISTRO_VERIFY_SUCCESS]  

2023-05-27 19:34:54,986 INFO Register tps control,pointName=NAMING_DISTRO_VERIFY_FAIL, point=com.alibaba.nacos.core.remote.control.TpsMonitorPoint@6cabdcbe 

2023-05-27 19:34:54,987 INFO Load rule from local,pointName=NAMING_DISTRO_VERIFY_FAIL, ruleContent= 

2023-05-27 19:34:54,987 INFO Apply tps control rule parse start,pointName=[NAMING_DISTRO_VERIFY_FAIL]  

2023-05-27 19:34:54,987 INFO Clear point  control rule ,pointName=[NAMING_DISTRO_VERIFY_FAIL]  

2023-05-27 19:34:54,988 INFO Clear point  control rule for monitorKeys, pointName=[NAMING_DISTRO_VERIFY_FAIL]  

